<project xmlns="http://maven.apache.org/POM/4.0.0" xmlns:xsi="http://www.w3.org/2001/XMLSchema-instance" xsi:schemaLocation="http://maven.apache.org/POM/4.0.0 http://maven.apache.org/xsd/maven-4.0.0.xsd">
  <modelVersion>4.0.0</modelVersion>
  <parent>
    <relativePath>../pom.xml</relativePath>
    <groupId>org.codehaus.groovy.eclipse</groupId>
    <artifactId>org.codehaus.groovy.eclipse.ide-test.parent</artifactId>
    <version>2.9.2-SNAPSHOT</version>
  </parent>
  <groupId>org.codehaus.groovy.eclipse</groupId>
  <artifactId>org.codehaus.groovy.alltests</artifactId>
  <version>2.9.2-SNAPSHOT</version>
  <packaging>eclipse-test-plugin</packaging>

  <!--Most useful and readable info on configure tycho I found is here:
      https://wiki.eclipse.org/Tycho/Packaging_Types#eclipse-test-plugin

      A more comprehensive but less readable description of options for tycho test target:
      http://www.eclipse.org/tycho/sitedocs/tycho-surefire/tycho-surefire-plugin/test-mojo.html
   -->

  <!-- For reference. This is what was in the PDE build before: -->

  <!--
  <target name="-runTestSuite">
    <ant target="ui-test" antfile="${test.library.xml}" dir="${test.eclipse.host}" inheritall="false">
      <property name="data-dir" value="${test.workspace} -clean" />
      <property name="plugin-name" value="org.codehaus.groovy.alltests" />
      <property name="classname" value="org.codehaus.groovy.alltests.AllGroovyTests" />
      <property name="test-output" value="${test.eclipse.host}/org.codehaus.groovy.alltests.AllGroovyTests.xml" />
      <property name="eclipse-home" value="${test.eclipse.host}" />
      <property name="junit-stylesheet" value="${test.eclipse.base}/eclipse/plugins/org.eclipse.test_3.3.100/JUNIT.XSL" />
      <property name="org.eclipse.test" value="3.3.100"/>
      <property name="arch" value="${test_arch}"/>
      <property name="os" value="${test_os}"/>
      <property name="ws" value="${test_ws}"/>
      <property name="vmargs" value="-Xmx1024M -XX:PermSize=64M -XX:MaxPermSize=256M -Dgroovy.compiler.level=${compiler.level}"/>
    </ant>
    <ant target="core-test" antfile="${test.library.xml}" dir="${test.eclipse.host}" inheritall="false">
      <property name="data-dir" value="${test.workspace} -clean" />
      <property name="plugin-name" value="org.codehaus.groovy.alltests" />
      <property name="classname" value="org.codehaus.groovy.alltests.GroovyJDTTests" />
      <property name="test-output" value="${test.eclipse.host}/org.codehaus.groovy.alltests.GroovyJDTTests.xml" />
      <property name="eclipse-home" value="${test.eclipse.host}" />
      <property name="junit-stylesheet" value="${test.eclipse.base}/eclipse/plugins/org.eclipse.test_3.3.100/JUNIT.XSL" />
      <property name="org.eclipse.test" value="3.3.100"/>
      <property name="arch" value="${test_arch}"/>
      <property name="os" value="${test_os}"/>
      <property name="ws" value="${test_ws}"/>
      <property name="vmargs" value="-Xmx1024M -XX:PermSize=64M -XX:MaxPermSize=256M -Dgroovy.compiler.level=${compiler.level}"/>
    </ant>
  </target>
   -->

  <build>
    <plugins>
      <plugin>
        <groupId>org.eclipse.tycho</groupId>
        <artifactId>tycho-surefire-plugin</artifactId>
        <version>${tycho-version}</version>
        <configuration>
           <skip>${maven.test.skip}</skip>
          <useUIThread>true</useUIThread>
          <useUIHarness>true</useUIHarness>
          <forkedProcessTimeoutInSeconds>14400</forkedProcessTimeoutInSeconds>
          <showEclipseLog>true</showEclipseLog>
          <argLine>-Xmx1024M -XX:PermSize=64M -XX:MaxPermSize=256M</argLine>

          <includes>
            <include>**/alltests/AllGroovyAndJDTTests.java</include>
          </includes>

          <dependencies>
            <dependency>
              <type>eclipse-feature</type>
              <artifactId>org.eclipse.jdt</artifactId>
<!--
              <version>3.12.1.v20160907-1200</version>
gave:

build	17-Nov-2016 16:18:37	[ERROR] Cannot resolve project dependencies:
build	17-Nov-2016 16:18:37	[ERROR]   Software being installed: org.eclipse.jdt.feature.group 3.12.1.v20160907-1200
build	17-Nov-2016 16:18:37	[ERROR]   Missing requirement: org.eclipse.jdt.feature.group 3.12.1.v20160907-1200 requires 'org.eclipse.jdt.core [3.12.1.v20160829-0950]' but it could not be found
-->
<!--
              <version>3.12.0.v20160606-1100</version>
gives:
build	17-Nov-2016 17:29:46	[ERROR] Cannot resolve project dependencies:
build	17-Nov-2016 17:29:46	[ERROR]   Software being installed: org.eclipse.jdt.feature.group 3.12.0.v20160606-1100
build	17-Nov-2016 17:29:46	[ERROR]   Missing requirement: org.eclipse.jdt.feature.group 3.12.0.v20160606-1100 requires 'org.eclipse.jdt.core [3.12.0.v20160516-2131]' but it could not be found
build	17-Nov-2016 17:29:46	[ERROR]   Missing requirement: org.eclipse.jdt.feature.group 3.12.1.v20160907-1200 requires 'org.eclipse.jdt.core [3.12.1.v20160829-0950]' but it could not be found
-->
<versione>0.0.0</version>
            </dependency>
            <dependency>
              <type>eclipse-feature</type>
              <artifactId>org.codehaus.groovy.eclipse.feature</artifactId>
              <version>0.0.0</version>
            </dependency>
            <dependency>
              <type>eclipse-feature</type>
              <artifactId>org.codehaus.groovy24.feature</artifactId>
              <version>0.0.0</version>
            </dependency>
            <dependency>
              <type>eclipse-feature</type>
              <artifactId>org.eclipse.rcp</artifactId>
              <version>0.0.0</version>
            </dependency>
          </dependencies>

        </configuration>
      </plugin>
    </plugins>
  </build>
</project>
